<?xml version="1.0" encoding="UTF-8"?>
<testsuite xmlns:xsi="http://www.w3.org/2001/XMLSchema-instance" xsi:noNamespaceSchemaLocation="https://maven.apache.org/surefire/maven-surefire-plugin/xsd/surefire-test-report.xsd" version="3.0.2" name="com.example.AppKotlin_Microservicio.AppKotlinMicroservicioApplicationTests" time="12.171" tests="1" errors="0" skipped="0" failures="0">
  <properties>
[...]
</properties>
  <testcase name="contextLoads" classname="com.example.AppKotlin_Microservicio.AppKotlinMicroservicioApplicationTests" time="0.796">
    <system-out><![CDATA[12:07:26.357 [main] INFO org.springframework.test.context.support.AnnotationConfigContextLoaderUtils -- Could not detect default configuration classes for test class [com.example.AppKotlin_Microservicio.AppKotlinMicroservicioApplicationTests]: AppKotlinMicroservicioApplicationTests does not declare any static, non-private, non-final, nested classes annotated with @Configuration.
12:07:26.658 [main] INFO org.springframework.boot.test.context.SpringBootTestContextBootstrapper -- Found @SpringBootConfiguration com.example.AppKotlin_Microservicio.AppKotlinMicroservicioApplication for test class com.example.AppKotlin_Microservicio.AppKotlinMicroservicioApplicationTests

  .   ____          _            __ _ _
 /\\ / ___'_ __ _ _(_)_ __  __ _ \ \ \ \
( ( )\___ | '_ | '_| | '_ \/ _` | \ \ \ \
 \\/  ___)| |_)| | | | | || (_| |  ) ) ) )
  '  |____| .__|_| |_|_| |_\__, | / / / /
 =========|_|==============|___/=/_/_/_/

 :: Spring Boot ::                (v4.0.0)

2025-12-02T12:07:27.916-03:00  INFO 25872 --- [           main] A.AppKotlinMicroservicioApplicationTests : Starting AppKotlinMicroservicioApplicationTests using Java 17.0.14 with PID 25872 (started by joaqu in C:\Users\joaqu\OneDrive\Documentos\GitHub\Appkotlin_Microservicio)
2025-12-02T12:07:27.920-03:00  INFO 25872 --- [           main] A.AppKotlinMicroservicioApplicationTests : No active profile set, falling back to 1 default profile: "default"
2025-12-02T12:07:29.584-03:00  INFO 25872 --- [           main] .s.d.r.c.RepositoryConfigurationDelegate : Bootstrapping Spring Data JPA repositories in DEFAULT mode.
2025-12-02T12:07:29.795-03:00  INFO 25872 --- [           main] .s.d.r.c.RepositoryConfigurationDelegate : Finished Spring Data repository scanning in 190 ms. Found 3 JPA repository interfaces.
2025-12-02T12:07:31.427-03:00  INFO 25872 --- [           main] o.hibernate.jpa.internal.util.LogHelper  : HHH000204: Processing PersistenceUnitInfo [name: default]
2025-12-02T12:07:31.610-03:00  INFO 25872 --- [           main] org.hibernate.Version                    : HHH000412: Hibernate ORM core version 7.1.8.Final
2025-12-02T12:07:32.812-03:00  INFO 25872 --- [           main] o.s.o.j.p.SpringPersistenceUnitInfo      : No LoadTimeWeaver setup: ignoring JPA class transformer
2025-12-02T12:07:32.899-03:00  INFO 25872 --- [           main] com.zaxxer.hikari.HikariDataSource       : HikariPool-1 - Starting...
2025-12-02T12:07:33.270-03:00  INFO 25872 --- [           main] com.zaxxer.hikari.pool.HikariPool        : HikariPool-1 - Added connection com.mysql.cj.jdbc.ConnectionImpl@59c862af
2025-12-02T12:07:33.273-03:00  INFO 25872 --- [           main] com.zaxxer.hikari.HikariDataSource       : HikariPool-1 - Start completed.
2025-12-02T12:07:33.367-03:00  WARN 25872 --- [           main] org.hibernate.orm.deprecation            : HHH90000025: MySQLDialect does not need to be specified explicitly using 'hibernate.dialect' (remove the property setting and it will be selected by default)
2025-12-02T12:07:33.413-03:00  INFO 25872 --- [           main] org.hibernate.orm.connections.pooling    : HHH10001005: Database info:
	Database JDBC URL [jdbc:mysql://localhost:3306/appkotlin_db?useSSL=false&allowPublicKeyRetrieval=true&serverTimezone=America/Santiago]
	Database driver: MySQL Connector/J
	Database dialect: MySQLDialect
	Database version: 8.4.3
	Default catalog/schema: appkotlin_db/undefined
	Autocommit mode: undefined/unknown
	Isolation level: REPEATABLE_READ [default REPEATABLE_READ]
	JDBC fetch size: none
	Pool: DatasourceConnectionProviderImpl
	Minimum pool size: undefined/unknown
	Maximum pool size: undefined/unknown
2025-12-02T12:07:35.154-03:00  INFO 25872 --- [           main] o.h.e.t.j.p.i.JtaPlatformInitiator       : HHH000489: No JTA platform available (set 'hibernate.transaction.jta.platform' to enable JTA platform integration)
2025-12-02T12:07:35.355-03:00  INFO 25872 --- [           main] j.LocalContainerEntityManagerFactoryBean : Initialized JPA EntityManagerFactory for persistence unit 'default'
2025-12-02T12:07:35.605-03:00  INFO 25872 --- [           main] o.s.d.j.r.query.QueryEnhancerFactories   : Hibernate is in classpath; If applicable, HQL parser will be used.
2025-12-02T12:07:36.219-03:00  WARN 25872 --- [           main] JpaBaseConfiguration$JpaWebConfiguration : spring.jpa.open-in-view is enabled by default. Therefore, database queries may be performed during view rendering. Explicitly configure spring.jpa.open-in-view to disable this warning
2025-12-02T12:07:37.179-03:00  INFO 25872 --- [           main] A.AppKotlinMicroservicioApplicationTests : Started AppKotlinMicroservicioApplicationTests in 10.029 seconds (process running for 13.401)
]]></system-out>
  </testcase>
</testsuite>